<?xml version="1.0" encoding="UTF-8"?>
<!-- Generated by org.testng.reporters.JUnitReportReporter -->
<testsuite skipped="0" hostname="JASANIs-MBP" name="octaveGroup.SignUp" tests="1" failures="0" timestamp="09 Feb 2020 16:03:39 GMT" time="2.788" errors="0">
  <testcase name="signUp" time="2.788" classname="octaveGroup.SignUp"/>
</testsuite> <!-- octaveGroup.SignUp -->
