<?xml version="1.0" encoding="UTF-8"?>
<!-- Generated by org.testng.reporters.JUnitReportReporter -->
<testsuite skipped="0" hostname="JASANIs-MBP" name="octaveGroup.HomePage" tests="2" failures="0" timestamp="09 Feb 2020 23:20:16 GMT" time="4.325" errors="0">
  <testcase name="landingPage" time="2.532" classname="octaveGroup.HomePage"/>
  <testcase name="landingPage" time="1.793" classname="octaveGroup.HomePage"/>
</testsuite> <!-- octaveGroup.HomePage -->
